{
  "RSpec": {
    "coverage": {
      "/Users/peterlapicola/turing/3module/projects/rails_engine/app/models/customer.rb": [
        1,
        null
      ],
      "/Users/peterlapicola/turing/3module/projects/rails_engine/app/models/application_record.rb": [
        1,
        1,
        null
      ],
      "/Users/peterlapicola/turing/3module/projects/rails_engine/app/models/invoice_item.rb": [
        1,
        1,
        1,
        null
      ],
      "/Users/peterlapicola/turing/3module/projects/rails_engine/app/models/invoice.rb": [
        1,
        1,
        1,
        null,
        1,
        null
      ],
      "/Users/peterlapicola/turing/3module/projects/rails_engine/app/models/item.rb": [
        1,
        1,
        null
      ],
      "/Users/peterlapicola/turing/3module/projects/rails_engine/app/models/merchant.rb": [
        1,
        null
      ],
      "/Users/peterlapicola/turing/3module/projects/rails_engine/app/models/transaction.rb": [
        1,
        1,
        null,
        1,
        null
      ],
      "/Users/peterlapicola/turing/3module/projects/rails_engine/app/mailers/application_mailer.rb": [
        0,
        0,
        0,
        0
      ],
      "/Users/peterlapicola/turing/3module/projects/rails_engine/app/jobs/application_job.rb": [
        0,
        0
      ],
      "/Users/peterlapicola/turing/3module/projects/rails_engine/app/controllers/application_controller.rb": [
        0,
        0
      ],
      "/Users/peterlapicola/turing/3module/projects/rails_engine/app/channels/application_cable/connection.rb": [
        0,
        0,
        0,
        0
      ],
      "/Users/peterlapicola/turing/3module/projects/rails_engine/app/channels/application_cable/channel.rb": [
        0,
        0,
        0,
        0
      ]
    },
    "timestamp": 1552352311
  }
}
